# JRE version: OpenJDK Runtime Environment (18.0.2.1+1) (build 18.0.2.1+1-1)
# Java VM: OpenJDK 64-Bit Server VM (18.0.2.1+1-1, mixed mode, sharing, tiered, compressed oops, compressed class ptrs, g1 gc, windows-amd64)
GC Precious Log:
 CardTable entry size: 512
 Card Set container configuration: InlinePtr #cards 5 size 8 Array Of Cards #cards 12 size 40 Howl #buckets 4 coarsen threshold 1843 Howl Bitmap #cards 512 size 80 coarsen threshold 460 Card regions per heap region 1 cards per card region 2048
 CPUs: 4 total, 4 available
 Memory: 4066M
 Large Page Support: Disabled
 NUMA Support: Disabled
 Compressed Oops: Enabled (32-bit)
 Heap Region Size: 1M
 Heap Min Capacity: 8M
 Heap Initial Capacity: 64M
 Heap Max Capacity: 1018M
 Pre-touch: Disabled
 Parallel Workers: 4
 Concurrent Workers: 1
 Concurrent Refinement Workers: 4
 Periodic GC: Disabled
Heap:
 garbage-first heap   total 65536K, used 38389K [0x00000000c0600000, 0x0000000100000000)
  region size 1024K, 15 young (15360K), 1 survivors (1024K)
 Metaspace       used 24864K, committed 25088K, reserved 1114112K
  class space    used 3029K, committed 3136K, reserved 1048576K
GC Heap History (12 events):
Event: 1.205 GC heap before
{Heap before GC invocations=0 (full 0):
 garbage-first heap   total 65536K, used 16384K [0x00000000c0600000, 0x0000000100000000)
  region size 1024K, 13 young (13312K), 0 survivors (0K)
 Metaspace       used 1160K, committed 1280K, reserved 1114112K
  class space    used 82K, committed 128K, reserved 1048576K
}
Event: 1.215 GC heap after
{Heap after GC invocations=1 (full 0):
 garbage-first heap   total 65536K, used 12520K [0x00000000c0600000, 0x0000000100000000)
  region size 1024K, 2 young (2048K), 2 survivors (2048K)
 Metaspace       used 1160K, committed 1280K, reserved 1114112K
  class space    used 82K, committed 128K, reserved 1048576K
}
Event: 2.130 GC heap before
{Heap before GC invocations=1 (full 0):
 garbage-first heap   total 65536K, used 19688K [0x00000000c0600000, 0x0000000100000000)
  region size 1024K, 9 young (9216K), 2 survivors (2048K)
 Metaspace       used 4653K, committed 4800K, reserved 1114112K
  class space    used 464K, committed 512K, reserved 1048576K
}
Event: 2.137 GC heap after
{Heap after GC invocations=2 (full 0):
 garbage-first heap   total 65536K, used 14547K [0x00000000c0600000, 0x0000000100000000)
  region size 1024K, 2 young (2048K), 2 survivors (2048K)
 Metaspace       used 4653K, committed 4800K, reserved 1114112K
  class space    used 464K, committed 512K, reserved 1048576K
}
Event: 2.640 GC heap before
{Heap before GC invocations=2 (full 0):
 garbage-first heap   total 65536K, used 26835K [0x00000000c0600000, 0x0000000100000000)
  region size 1024K, 15 young (15360K), 2 survivors (2048K)
 Metaspace       used 7384K, committed 7552K, reserved 1114112K
  class space    used 718K, committed 768K, reserved 1048576K
}
Event: 2.647 GC heap after
{Heap after GC invocations=3 (full 0):
 garbage-first heap   total 65536K, used 15581K [0x00000000c0600000, 0x0000000100000000)
  region size 1024K, 1 young (1024K), 1 survivors (1024K)
 Metaspace       used 7384K, committed 7552K, reserved 1114112K
  class space    used 718K, committed 768K, reserved 1048576K
}
Event: 3.461 GC heap before
{Heap before GC invocations=3 (full 0):
 garbage-first heap   total 65536K, used 32989K [0x00000000c0600000, 0x0000000100000000)
  region size 1024K, 18 young (18432K), 1 survivors (1024K)
 Metaspace       used 11374K, committed 11648K, reserved 1114112K
  class space    used 1274K, committed 1408K, reserved 1048576K
}
Event: 3.468 GC heap after
{Heap after GC invocations=4 (full 0):
 garbage-first heap   total 65536K, used 16376K [0x00000000c0600000, 0x0000000100000000)
  region size 1024K, 2 young (2048K), 2 survivors (2048K)
 Metaspace       used 11374K, committed 11648K, reserved 1114112K
  class space    used 1274K, committed 1408K, reserved 1048576K
}
Event: 4.619 GC heap before
{Heap before GC invocations=4 (full 0):
 garbage-first heap   total 65536K, used 43000K [0x00000000c0600000, 0x0000000100000000)
  region size 1024K, 29 young (29696K), 2 survivors (2048K)
 Metaspace       used 20992K, committed 21376K, reserved 1114112K
  class space    used 2476K, committed 2688K, reserved 1048576K
}
Event: 4.628 GC heap after
{Heap after GC invocations=5 (full 0):
 garbage-first heap   total 65536K, used 19213K [0x00000000c0600000, 0x0000000100000000)
  region size 1024K, 4 young (4096K), 4 survivors (4096K)
 Metaspace       used 20992K, committed 21376K, reserved 1114112K
  class space    used 2476K, committed 2688K, reserved 1048576K
}
Event: 4.656 GC heap before
{Heap before GC invocations=5 (full 0):
 garbage-first heap   total 65536K, used 19213K [0x00000000c0600000, 0x0000000100000000)
  region size 1024K, 5 young (5120K), 4 survivors (4096K)
 Metaspace       used 21189K, committed 21504K, reserved 1114112K
  class space    used 2502K, committed 2688K, reserved 1048576K
}
Event: 4.665 GC heap after
{Heap after GC invocations=6 (full 0):
 garbage-first heap   total 65536K, used 19957K [0x00000000c0600000, 0x0000000100000000)
  region size 1024K, 1 young (1024K), 1 survivors (1024K)
 Metaspace       used 21189K, committed 21504K, reserved 1114112K
  class space    used 2502K, committed 2688K, reserved 1048576K
}

